<?xml version="1.0" encoding="UTF-8"?>
<testng-results ignored="0" total="4" passed="4" failed="0" skipped="0">
  <reporter-output>
  </reporter-output>
  <suite started-at="2021-10-17T16:57:38 IST" name="FreeCRMAutomationSuite" finished-at="2021-10-17T16:58:35 IST" duration-ms="57114">
    <groups>
    </groups>
    <test started-at="2021-10-17T16:57:38 IST" name="test" finished-at="2021-10-17T16:58:35 IST" duration-ms="57114">
      <class name="com.crm.qa.testcases.LoginPageTestCase">
        <test-method is-config="true" signature="setup()[pri:0, instance:com.crm.qa.testcases.LoginPageTestCase@771a660]" started-at="2021-10-17T16:58:15 IST" name="setup" finished-at="2021-10-17T16:58:21 IST" duration-ms="6051" status="PASS">
          <reporter-output>
          </reporter-output>
        </test-method> <!-- setup -->
        <test-method signature="validatePageTitle()[pri:1, instance:com.crm.qa.testcases.LoginPageTestCase@771a660]" started-at="2021-10-17T16:58:21 IST" name="validatePageTitle" finished-at="2021-10-17T16:58:21 IST" duration-ms="52" status="PASS">
          <reporter-output>
          </reporter-output>
        </test-method> <!-- validatePageTitle -->
        <test-method is-config="true" signature="TearDown()[pri:0, instance:com.crm.qa.testcases.LoginPageTestCase@771a660]" started-at="2021-10-17T16:58:21 IST" name="TearDown" finished-at="2021-10-17T16:58:21 IST" duration-ms="248" status="PASS">
          <reporter-output>
          </reporter-output>
        </test-method> <!-- TearDown -->
        <test-method is-config="true" signature="setup()[pri:0, instance:com.crm.qa.testcases.LoginPageTestCase@771a660]" started-at="2021-10-17T16:58:21 IST" name="setup" finished-at="2021-10-17T16:58:28 IST" duration-ms="6749" status="PASS">
          <reporter-output>
          </reporter-output>
        </test-method> <!-- setup -->
        <test-method signature="LoginTest()[pri:2, instance:com.crm.qa.testcases.LoginPageTestCase@771a660]" started-at="2021-10-17T16:58:28 IST" name="LoginTest" finished-at="2021-10-17T16:58:35 IST" duration-ms="7313" status="PASS">
          <reporter-output>
          </reporter-output>
        </test-method> <!-- LoginTest -->
        <test-method is-config="true" signature="TearDown()[pri:0, instance:com.crm.qa.testcases.LoginPageTestCase@771a660]" started-at="2021-10-17T16:58:35 IST" name="TearDown" finished-at="2021-10-17T16:58:35 IST" duration-ms="231" status="PASS">
          <reporter-output>
          </reporter-output>
        </test-method> <!-- TearDown -->
      </class> <!-- com.crm.qa.testcases.LoginPageTestCase -->
      <class name="com.crm.qa.testcases.HomePageTestCase">
        <test-method is-config="true" signature="setup()[pri:0, instance:com.crm.qa.testcases.HomePageTestCase@434a63ab]" started-at="2021-10-17T16:57:38 IST" name="setup" finished-at="2021-10-17T16:57:55 IST" duration-ms="16165" status="PASS">
          <reporter-output>
          </reporter-output>
        </test-method> <!-- setup -->
        <test-method signature="verifyUserTest()[pri:1, instance:com.crm.qa.testcases.HomePageTestCase@434a63ab]" started-at="2021-10-17T16:57:55 IST" name="verifyUserTest" finished-at="2021-10-17T16:57:55 IST" duration-ms="146" status="PASS">
          <reporter-output>
          </reporter-output>
        </test-method> <!-- verifyUserTest -->
        <test-method is-config="true" signature="teardown()[pri:0, instance:com.crm.qa.testcases.HomePageTestCase@434a63ab]" started-at="2021-10-17T16:57:55 IST" name="teardown" finished-at="2021-10-17T16:57:55 IST" duration-ms="226" status="PASS">
          <reporter-output>
          </reporter-output>
        </test-method> <!-- teardown -->
        <test-method is-config="true" signature="setup()[pri:0, instance:com.crm.qa.testcases.HomePageTestCase@434a63ab]" started-at="2021-10-17T16:57:55 IST" name="setup" finished-at="2021-10-17T16:58:13 IST" duration-ms="17595" status="PASS">
          <reporter-output>
          </reporter-output>
        </test-method> <!-- setup -->
        <test-method signature="clickonNewContactsTest()[pri:2, instance:com.crm.qa.testcases.HomePageTestCase@434a63ab]" started-at="2021-10-17T16:58:13 IST" name="clickonNewContactsTest" finished-at="2021-10-17T16:58:15 IST" duration-ms="2061" status="PASS">
          <reporter-output>
          </reporter-output>
        </test-method> <!-- clickonNewContactsTest -->
        <test-method is-config="true" signature="teardown()[pri:0, instance:com.crm.qa.testcases.HomePageTestCase@434a63ab]" started-at="2021-10-17T16:58:15 IST" name="teardown" finished-at="2021-10-17T16:58:15 IST" duration-ms="210" status="PASS">
          <reporter-output>
          </reporter-output>
        </test-method> <!-- teardown -->
      </class> <!-- com.crm.qa.testcases.HomePageTestCase -->
    </test> <!-- test -->
  </suite> <!-- FreeCRMAutomationSuite -->
</testng-results>
