<?xml version="1.0" encoding="UTF-8"?>
<testng-results ignored="0" total="2" passed="2" failed="0" skipped="0">
  <reporter-output>
  </reporter-output>
  <suite started-at="2023-09-11T17:46:04 IST" name="Default suite" finished-at="2023-09-11T17:46:40 IST" duration-ms="36103">
    <groups>
    </groups>
    <test started-at="2023-09-11T17:46:04 IST" name="Default test" finished-at="2023-09-11T17:46:40 IST" duration-ms="36103">
      <class name="com.crm.qa.testcases.LoginPageTestCase">
        <test-method is-config="true" signature="setup()[pri:0, instance:com.crm.qa.testcases.LoginPageTestCase@1ed6388a]" started-at="2023-09-11T17:46:04 IST" name="setup" finished-at="2023-09-11T17:46:18 IST" duration-ms="14056" status="PASS">
          <reporter-output>
          </reporter-output>
        </test-method> <!-- setup -->
        <test-method signature="validatePageTitle()[pri:1, instance:com.crm.qa.testcases.LoginPageTestCase@1ed6388a]" started-at="2023-09-11T17:46:18 IST" name="validatePageTitle" finished-at="2023-09-11T17:46:18 IST" duration-ms="50" status="PASS">
          <reporter-output>
          </reporter-output>
        </test-method> <!-- validatePageTitle -->
        <test-method is-config="true" signature="TearDown()[pri:0, instance:com.crm.qa.testcases.LoginPageTestCase@1ed6388a]" started-at="2023-09-11T17:46:18 IST" name="TearDown" finished-at="2023-09-11T17:46:18 IST" duration-ms="343" status="PASS">
          <reporter-output>
          </reporter-output>
        </test-method> <!-- TearDown -->
        <test-method is-config="true" signature="setup()[pri:0, instance:com.crm.qa.testcases.LoginPageTestCase@1ed6388a]" started-at="2023-09-11T17:46:18 IST" name="setup" finished-at="2023-09-11T17:46:28 IST" duration-ms="10258" status="PASS">
          <reporter-output>
          </reporter-output>
        </test-method> <!-- setup -->
        <test-method signature="LoginTest()[pri:2, instance:com.crm.qa.testcases.LoginPageTestCase@1ed6388a]" started-at="2023-09-11T17:46:28 IST" name="LoginTest" finished-at="2023-09-11T17:46:39 IST" duration-ms="11101" status="PASS">
          <reporter-output>
          </reporter-output>
        </test-method> <!-- LoginTest -->
        <test-method is-config="true" signature="TearDown()[pri:0, instance:com.crm.qa.testcases.LoginPageTestCase@1ed6388a]" started-at="2023-09-11T17:46:39 IST" name="TearDown" finished-at="2023-09-11T17:46:40 IST" duration-ms="240" status="PASS">
          <reporter-output>
          </reporter-output>
        </test-method> <!-- TearDown -->
      </class> <!-- com.crm.qa.testcases.LoginPageTestCase -->
    </test> <!-- Default test -->
  </suite> <!-- Default suite -->
</testng-results>
