<?xml version="1.0" encoding="UTF-8"?>
<!-- Generated by org.testng.reporters.JUnitXMLReporter -->
<testsuite ignored="0" hostname="LAPTOP-FGNE6FOI" failures="0" tests="4" name="test" time="57.114" errors="0" timestamp="2021-10-17T16:58:36 IST">
  <testcase classname="com.crm.qa.testcases.HomePageTestCase" name="verifyUserTest" time="0.146"/>
  <testcase classname="com.crm.qa.testcases.HomePageTestCase" name="clickonNewContactsTest" time="2.061"/>
  <testcase classname="com.crm.qa.testcases.LoginPageTestCase" name="validatePageTitle" time="0.052"/>
  <testcase classname="com.crm.qa.testcases.LoginPageTestCase" name="LoginTest" time="7.313"/>
</testsuite> <!-- test -->
